<?xml version="1.0" encoding="UTF-8"?>
<!-- Generated by org.testng.reporters.JUnitXMLReporter -->
<testsuite ignored="0" hostname="DESKTOP-HN28R98" failures="1" tests="3" name="Error Validations Test" time="14.154" errors="0" timestamp="2025-05-11T01:20:17 IST">
  <testcase classname="rahulshettyacademy.Tests.ErrorValidationsTest" name="loginErrorValidation" time="1.742">
    <skipped/>
  </testcase> <!-- loginErrorValidation -->
  <testcase classname="rahulshettyacademy.Tests.ErrorValidationsTest" name="loginErrorValidation" time="4.045">
    <failure type="java.lang.AssertionError" message="expected [Incorrect email or password.] but found [Incorrect email or password.?]">
      <![CDATA[java.lang.AssertionError: expected [Incorrect email or password.] but found [Incorrect email or password.?]
at rahulshettyacademy.Tests.ErrorValidationsTest.loginErrorValidation(ErrorValidationsTest.java:24)
at java.base/java.util.ArrayList.forEach(ArrayList.java:1596)
... Removed 35 stack frames]]>
    </failure>
  </testcase> <!-- loginErrorValidation -->
  <testcase classname="rahulshettyacademy.Tests.ErrorValidationsTest" name="productErrorValidation" time="0.0">
    <skipped/>
  </testcase> <!-- productErrorValidation -->
</testsuite> <!-- Error Validations Test -->
