<?xml version="1.0" encoding="UTF-8"?>
<testng-results ignored="4" total="6" passed="2" failed="0" skipped="0">
  <reporter-output>
  </reporter-output>
  <suite started-at="2025-05-01T22:04:40 IST" name="Suite" finished-at="2025-05-01T22:05:09 IST" duration-ms="29674">
    <groups>
      <group name="Purchase">
        <method signature="SubmitOrderTest.submitOrder(java.util.HashMap)[pri:0, instance:rahulshettyacademy.Tests.SubmitOrderTest@18078bef]" name="submitOrder" class="rahulshettyacademy.Tests.SubmitOrderTest"/>
      </group> <!-- Purchase -->
    </groups>
    <test started-at="2025-05-01T22:04:40 IST" name="Submit Order Test" finished-at="2025-05-01T22:05:09 IST" duration-ms="29586">
      <class name="rahulshettyacademy.Tests.SubmitOrderTest">
        <test-method is-config="true" signature="lunchApplication()[pri:0, instance:rahulshettyacademy.Tests.SubmitOrderTest@18078bef]" started-at="2025-05-01T22:04:40 IST" name="lunchApplication" finished-at="2025-05-01T22:04:49 IST" duration-ms="8804" status="PASS">
          <reporter-output>
          </reporter-output>
        </test-method> <!-- lunchApplication -->
        <test-method signature="submitOrder(java.util.HashMap)[pri:0, instance:rahulshettyacademy.Tests.SubmitOrderTest@18078bef]" started-at="2025-05-01T22:04:49 IST" name="submitOrder" data-provider="getData" finished-at="2025-05-01T22:04:56 IST" duration-ms="7113" status="PASS">
          <params>
            <param index="0">
              <value>
                <![CDATA[{password=Masthan786@, product=ZARA COAT 3, email=himass687@gmail.com}]]>
              </value>
            </param>
          </params>
          <reporter-output>
          </reporter-output>
        </test-method> <!-- submitOrder -->
        <test-method is-config="true" signature="tearDown()[pri:0, instance:rahulshettyacademy.Tests.SubmitOrderTest@18078bef]" started-at="2025-05-01T22:04:56 IST" name="tearDown" finished-at="2025-05-01T22:04:57 IST" duration-ms="368" status="PASS">
          <reporter-output>
          </reporter-output>
        </test-method> <!-- tearDown -->
        <test-method is-config="true" signature="lunchApplication()[pri:0, instance:rahulshettyacademy.Tests.SubmitOrderTest@18078bef]" started-at="2025-05-01T22:04:57 IST" name="lunchApplication" finished-at="2025-05-01T22:05:03 IST" duration-ms="6269" status="PASS">
          <reporter-output>
          </reporter-output>
        </test-method> <!-- lunchApplication -->
        <test-method signature="submitOrder(java.util.HashMap)[pri:0, instance:rahulshettyacademy.Tests.SubmitOrderTest@18078bef]" started-at="2025-05-01T22:05:03 IST" name="submitOrder" data-provider="getData" finished-at="2025-05-01T22:05:09 IST" duration-ms="5948" status="PASS">
          <params>
            <param index="0">
              <value>
                <![CDATA[{password=Masthan786@, product=ADIDAS ORIGINAL, email=himass687@gmail.com}]]>
              </value>
            </param>
          </params>
          <reporter-output>
          </reporter-output>
        </test-method> <!-- submitOrder -->
        <test-method is-config="true" signature="tearDown()[pri:0, instance:rahulshettyacademy.Tests.SubmitOrderTest@18078bef]" started-at="2025-05-01T22:05:09 IST" name="tearDown" finished-at="2025-05-01T22:05:09 IST" duration-ms="379" status="PASS">
          <reporter-output>
          </reporter-output>
        </test-method> <!-- tearDown -->
      </class> <!-- rahulshettyacademy.Tests.SubmitOrderTest -->
    </test> <!-- Submit Order Test -->
    <test started-at="2025-05-01T22:05:09 IST" name="Error Validations Test" finished-at="2025-05-01T22:05:09 IST" duration-ms="0">
    </test> <!-- Error Validations Test -->
    <test started-at="2025-05-01T22:05:09 IST" name="TestNGTestRunner" finished-at="2025-05-01T22:05:09 IST" duration-ms="1">
    </test> <!-- TestNGTestRunner -->
  </suite> <!-- Suite -->
</testng-results>
