<?xml version="1.0" encoding="UTF-8"?>
<testng-results ignored="4" total="6" passed="2" failed="0" skipped="0">
  <reporter-output>
  </reporter-output>
  <suite started-at="2025-05-01T21:05:43 IST" name="Suite" finished-at="2025-05-01T21:06:18 IST" duration-ms="34973">
    <groups>
      <group name="Purchase">
        <method signature="SubmitOrderTest.submitOrder(java.util.HashMap)[pri:0, instance:rahulshettyacademy.Tests.SubmitOrderTest@6f4a47c7]" name="submitOrder" class="rahulshettyacademy.Tests.SubmitOrderTest"/>
      </group> <!-- Purchase -->
    </groups>
    <test started-at="2025-05-01T21:05:43 IST" name="Submit Order Test" finished-at="2025-05-01T21:06:18 IST" duration-ms="34924">
      <class name="rahulshettyacademy.Tests.SubmitOrderTest">
        <test-method is-config="true" signature="lunchApplication()[pri:0, instance:rahulshettyacademy.Tests.SubmitOrderTest@6f4a47c7]" started-at="2025-05-01T21:05:44 IST" name="lunchApplication" finished-at="2025-05-01T21:05:51 IST" duration-ms="6788" status="PASS">
          <reporter-output>
          </reporter-output>
        </test-method> <!-- lunchApplication -->
        <test-method signature="submitOrder(java.util.HashMap)[pri:0, instance:rahulshettyacademy.Tests.SubmitOrderTest@6f4a47c7]" started-at="2025-05-01T21:05:51 IST" name="submitOrder" data-provider="getData" finished-at="2025-05-01T21:05:56 IST" duration-ms="5274" status="PASS">
          <params>
            <param index="0">
              <value>
                <![CDATA[{password=Masthan786@, product=ZARA COAT 3, email=himass687@gmail.com}]]>
              </value>
            </param>
          </params>
          <reporter-output>
          </reporter-output>
        </test-method> <!-- submitOrder -->
        <test-method is-config="true" signature="tearDown()[pri:0, instance:rahulshettyacademy.Tests.SubmitOrderTest@6f4a47c7]" started-at="2025-05-01T21:05:56 IST" name="tearDown" finished-at="2025-05-01T21:05:57 IST" duration-ms="443" status="PASS">
          <reporter-output>
          </reporter-output>
        </test-method> <!-- tearDown -->
        <test-method is-config="true" signature="lunchApplication()[pri:0, instance:rahulshettyacademy.Tests.SubmitOrderTest@6f4a47c7]" started-at="2025-05-01T21:05:57 IST" name="lunchApplication" finished-at="2025-05-01T21:06:01 IST" duration-ms="4532" status="PASS">
          <reporter-output>
          </reporter-output>
        </test-method> <!-- lunchApplication -->
        <test-method signature="submitOrder(java.util.HashMap)[pri:0, instance:rahulshettyacademy.Tests.SubmitOrderTest@6f4a47c7]" started-at="2025-05-01T21:06:01 IST" name="submitOrder" data-provider="getData" finished-at="2025-05-01T21:06:18 IST" duration-ms="16863" status="PASS">
          <params>
            <param index="0">
              <value>
                <![CDATA[{password=Masthan786@, product=ADIDAS ORIGINAL, email=himass687@gmail.com}]]>
              </value>
            </param>
          </params>
          <reporter-output>
          </reporter-output>
        </test-method> <!-- submitOrder -->
        <test-method is-config="true" signature="tearDown()[pri:0, instance:rahulshettyacademy.Tests.SubmitOrderTest@6f4a47c7]" started-at="2025-05-01T21:06:18 IST" name="tearDown" finished-at="2025-05-01T21:06:18 IST" duration-ms="377" status="PASS">
          <reporter-output>
          </reporter-output>
        </test-method> <!-- tearDown -->
      </class> <!-- rahulshettyacademy.Tests.SubmitOrderTest -->
    </test> <!-- Submit Order Test -->
    <test started-at="2025-05-01T21:06:18 IST" name="Error Validations Test" finished-at="2025-05-01T21:06:18 IST" duration-ms="2">
    </test> <!-- Error Validations Test -->
    <test started-at="2025-05-01T21:06:18 IST" name="TestNGTestRunner" finished-at="2025-05-01T21:06:18 IST" duration-ms="1">
    </test> <!-- TestNGTestRunner -->
  </suite> <!-- Suite -->
</testng-results>
